
2019-10-15 02:48:09 431 [Warning] Using unique option prefix myisam-recover instead of myisam-recover-options is deprecated and will be removed in a future release. Please use the full name instead.
2019-10-15 02:48:09 431 [Note] Plugin 'FEDERATED' is disabled.
2019-10-15 02:48:09 431 [Note] InnoDB: Using atomics to ref count buffer pool pages
2019-10-15 02:48:09 431 [Note] InnoDB: The InnoDB memory heap is disabled
2019-10-15 02:48:09 431 [Note] InnoDB: Mutexes and rw_locks use GCC atomic builtins
2019-10-15 02:48:09 431 [Note] InnoDB: Memory barrier is not used
2019-10-15 02:48:09 431 [Note] InnoDB: Compressed tables use zlib 1.2.8
2019-10-15 02:48:09 431 [Note] InnoDB: Using Linux native AIO
2019-10-15 02:48:09 431 [Note] InnoDB: Using CPU crc32 instructions
2019-10-15 02:48:09 431 [Note] InnoDB: Initializing buffer pool, size = 128.0M
2019-10-15 02:48:09 431 [Note] InnoDB: Completed initialization of buffer pool
2019-10-15 02:48:09 431 [Note] InnoDB: Highest supported file format is Barracuda.
2019-10-15 02:48:09 431 [Note] InnoDB: The log sequence numbers 1595675 and 1595675 in ibdata files do not match the log sequence number 1595916 in the ib_logfiles!
2019-10-15 02:48:09 431 [Note] InnoDB: Database was not shutdown normally!
2019-10-15 02:48:09 431 [Note] InnoDB: Starting crash recovery.
2019-10-15 02:48:09 431 [Note] InnoDB: Reading tablespace information from the .ibd files...
2019-10-15 02:48:09 431 [Note] InnoDB: Restoring possible half-written data pages 
2019-10-15 02:48:09 431 [Note] InnoDB: from the doublewrite buffer...
2019-10-15 02:48:09 431 [Note] InnoDB: 128 rollback segment(s) are active.
2019-10-15 02:48:09 431 [Note] InnoDB: Creating tablespace and datafile system tables.
2019-10-15 02:48:09 431 [Note] InnoDB: Tablespace and datafile system tables created.
2019-10-15 02:48:09 431 [Note] InnoDB: Waiting for purge to start
2019-10-15 02:48:09 431 [Note] InnoDB: 5.6.34 started; log sequence number 1595916
2019-10-15 02:48:09 431 [ERROR] mysqld: Table './mysql/user' is marked as crashed and should be repaired
2019-10-15 02:48:09 431 [Warning] Checking table:   './mysql/user'
2019-10-15 02:48:09 431 [ERROR] 1 client is using or hasn't closed the table properly
2019-10-15 02:48:09 431 [Note] Binlog end
2019-10-15 02:48:09 431 [Note] InnoDB: FTS optimize thread exiting.
2019-10-15 02:48:09 431 [Note] InnoDB: Starting shutdown...
2019-10-15 02:48:11 431 [Note] InnoDB: Shutdown completed; log sequence number 1600309
191015 02:48:12 mysqld_safe Starting mysqld daemon with databases from /var/lib/mysql
2019-10-15 02:48:12 0 [Warning] Using unique option prefix key_buffer instead of key_buffer_size is deprecated and will be removed in a future release. Please use the full name instead.
2019-10-15 02:48:12 0 [Warning] TIMESTAMP with implicit DEFAULT value is deprecated. Please use --explicit_defaults_for_timestamp server option (see documentation for more details).
2019-10-15 02:48:12 0 [Note] /usr/sbin/mysqld (mysqld 5.6.34) starting as process 874 ...
2019-10-15 02:48:12 874 [Warning] Using unique option prefix myisam-recover instead of myisam-recover-options is deprecated and will be removed in a future release. Please use the full name instead.
2019-10-15 02:48:12 874 [Note] Plugin 'FEDERATED' is disabled.
2019-10-15 02:48:12 874 [Note] InnoDB: Using atomics to ref count buffer pool pages
2019-10-15 02:48:12 874 [Note] InnoDB: The InnoDB memory heap is disabled
2019-10-15 02:48:12 874 [Note] InnoDB: Mutexes and rw_locks use GCC atomic builtins
2019-10-15 02:48:12 874 [Note] InnoDB: Memory barrier is not used
2019-10-15 02:48:12 874 [Note] InnoDB: Compressed tables use zlib 1.2.8
2019-10-15 02:48:12 874 [Note] InnoDB: Using Linux native AIO
2019-10-15 02:48:12 874 [Note] InnoDB: Using CPU crc32 instructions
2019-10-15 02:48:12 874 [Note] InnoDB: Initializing buffer pool, size = 128.0M
2019-10-15 02:48:12 874 [Note] InnoDB: Completed initialization of buffer pool
2019-10-15 02:48:12 874 [Note] InnoDB: Highest supported file format is Barracuda.
2019-10-15 02:48:12 874 [Note] InnoDB: 128 rollback segment(s) are active.
2019-10-15 02:48:12 874 [Note] InnoDB: Waiting for purge to start
2019-10-15 02:48:12 874 [Note] InnoDB: 5.6.34 started; log sequence number 1600309
2019-10-15 02:48:12 874 [Warning] No existing UUID has been found, so we assume that this is the first time that this server has been started. Generating a new UUID: 3aeb68e1-eef6-11e9-b916-0242ac110002.
2019-10-15 02:48:12 874 [Note] Server hostname (bind-address): '*'; port: 3306
2019-10-15 02:48:12 874 [Note] IPv6 is available.
2019-10-15 02:48:12 874 [Note]   - '::' resolves to '::';
2019-10-15 02:48:12 874 [Note] Server socket created on IP: '::'.
2019-10-15 02:48:12 874 [ERROR] Column count of mysql.events_waits_current is wrong. Expected 19, found 16. Created with MySQL 50560, now running 50634. Please use mysql_upgrade to fix this error.
2019-10-15 02:48:12 874 [ERROR] Column count of mysql.events_waits_history is wrong. Expected 19, found 16. Created with MySQL 50560, now running 50634. Please use mysql_upgrade to fix this error.
2019-10-15 02:48:12 874 [ERROR] Column count of mysql.events_waits_history_long is wrong. Expected 19, found 16. Created with MySQL 50560, now running 50634. Please use mysql_upgrade to fix this error.
2019-10-15 02:48:12 874 [ERROR] Native table 'performance_schema'.'events_waits_summary_by_host_by_event_name' has the wrong structure
2019-10-15 02:48:12 874 [ERROR] Incorrect definition of table performance_schema.events_waits_summary_by_thread_by_event_name: expected column 'THREAD_ID' at position 0 to have type bigint(20), found type int(11).
2019-10-15 02:48:12 874 [ERROR] Native table 'performance_schema'.'events_waits_summary_by_user_by_event_name' has the wrong structure
2019-10-15 02:48:12 874 [ERROR] Native table 'performance_schema'.'events_waits_summary_by_account_by_event_name' has the wrong structure
2019-10-15 02:48:12 874 [ERROR] Column count of mysql.file_summary_by_event_name is wrong. Expected 23, found 5. Created with MySQL 50560, now running 50634. Please use mysql_upgrade to fix this error.
2019-10-15 02:48:12 874 [ERROR] Column count of mysql.file_summary_by_instance is wrong. Expected 25, found 6. Created with MySQL 50560, now running 50634. Please use mysql_upgrade to fix this error.
2019-10-15 02:48:12 874 [ERROR] Native table 'performance_schema'.'host_cache' has the wrong structure
2019-10-15 02:48:12 874 [ERROR] Incorrect definition of table performance_schema.mutex_instances: expected column 'LOCKED_BY_THREAD_ID' at position 2 to have type bigint(20), found type int(11).
2019-10-15 02:48:12 874 [ERROR] Native table 'performance_schema'.'objects_summary_global_by_type' has the wrong structure
2019-10-15 02:48:12 874 [ERROR] Incorrect definition of table performance_schema.rwlock_instances: expected column 'WRITE_LOCKED_BY_THREAD_ID' at position 2 to have type bigint(20), found type int(11).
2019-10-15 02:48:12 874 [ERROR] Native table 'performance_schema'.'setup_actors' has the wrong structure
2019-10-15 02:48:12 874 [ERROR] Native table 'performance_schema'.'setup_objects' has the wrong structure
2019-10-15 02:48:12 874 [ERROR] Native table 'performance_schema'.'table_io_waits_summary_by_index_usage' has the wrong structure
2019-10-15 02:48:12 874 [ERROR] Native table 'performance_schema'.'table_io_waits_summary_by_table' has the wrong structure
2019-10-15 02:48:12 874 [ERROR] Native table 'performance_schema'.'table_lock_waits_summary_by_table' has the wrong structure
2019-10-15 02:48:12 874 [ERROR] Column count of mysql.threads is wrong. Expected 14, found 3. Created with MySQL 50560, now running 50634. Please use mysql_upgrade to fix this error.
2019-10-15 02:48:12 874 [ERROR] Native table 'performance_schema'.'events_stages_current' has the wrong structure
2019-10-15 02:48:12 874 [ERROR] Native table 'performance_schema'.'events_stages_history' has the wrong structure
2019-10-15 02:48:12 874 [ERROR] Native table 'performance_schema'.'events_stages_history_long' has the wrong structure
2019-10-15 02:48:12 874 [ERROR] Native table 'performance_schema'.'events_stages_summary_by_thread_by_event_name' has the wrong structure
2019-10-15 02:48:12 874 [ERROR] Native table 'performance_schema'.'events_stages_summary_by_account_by_event_name' has the wrong structure
2019-10-15 02:48:12 874 [ERROR] Native table 'performance_schema'.'events_stages_summary_by_user_by_event_name' has the wrong structure
2019-10-15 02:48:12 874 [ERROR] Native table 'performance_schema'.'events_stages_summary_by_host_by_event_name' has the wrong structure
2019-10-15 02:48:12 874 [ERROR] Native table 'performance_schema'.'events_stages_summary_global_by_event_name' has the wrong structure
2019-10-15 02:48:12 874 [ERROR] Native table 'performance_schema'.'events_statements_current' has the wrong structure
2019-10-15 02:48:12 874 [ERROR] Native table 'performance_schema'.'events_statements_history' has the wrong structure
2019-10-15 02:48:12 874 [ERROR] Native table 'performance_schema'.'events_statements_history_long' has the wrong structure
2019-10-15 02:48:12 874 [ERROR] Native table 'performance_schema'.'events_statements_summary_by_thread_by_event_name' has the wrong structure
2019-10-15 02:48:12 874 [ERROR] Native table 'performance_schema'.'events_statements_summary_by_account_by_event_name' has the wrong structure
2019-10-15 02:48:12 874 [ERROR] Native table 'performance_schema'.'events_statements_summary_by_user_by_event_name' has the wrong structure
2019-10-15 02:48:12 874 [ERROR] Native table 'performance_schema'.'events_statements_summary_by_host_by_event_name' has the wrong structure
2019-10-15 02:48:12 874 [ERROR] Native table 'performance_schema'.'events_statements_summary_global_by_event_name' has the wrong structure
2019-10-15 02:48:12 874 [ERROR] Native table 'performance_schema'.'events_statements_summary_by_digest' has the wrong structure
2019-10-15 02:48:12 874 [ERROR] Native table 'performance_schema'.'users' has the wrong structure
2019-10-15 02:48:12 874 [ERROR] Native table 'performance_schema'.'accounts' has the wrong structure
2019-10-15 02:48:12 874 [ERROR] Native table 'performance_schema'.'hosts' has the wrong structure
2019-10-15 02:48:12 874 [ERROR] Native table 'performance_schema'.'socket_instances' has the wrong structure
2019-10-15 02:48:12 874 [ERROR] Native table 'performance_schema'.'socket_summary_by_instance' has the wrong structure
2019-10-15 02:48:12 874 [ERROR] Native table 'performance_schema'.'socket_summary_by_event_name' has the wrong structure
2019-10-15 02:48:12 874 [ERROR] Native table 'performance_schema'.'session_connect_attrs' has the wrong structure
2019-10-15 02:48:12 874 [ERROR] Native table 'performance_schema'.'session_account_connect_attrs' has the wrong structure
2019-10-15 02:48:12 874 [Note] Event Scheduler: Loaded 0 events
2019-10-15 02:48:12 874 [Note] /usr/sbin/mysqld: ready for connections.
Version: '5.6.34'  socket: '/var/run/mysqld/mysqld.sock'  port: 3306  MySQL Community Server (GPL)
191022 17:33:05 mysqld_safe Starting mysqld daemon with databases from /var/lib/mysql
2019-10-22 17:33:05 0 [Warning] Using unique option prefix key_buffer instead of key_buffer_size is deprecated and will be removed in a future release. Please use the full name instead.
2019-10-22 17:33:05 0 [Warning] TIMESTAMP with implicit DEFAULT value is deprecated. Please use --explicit_defaults_for_timestamp server option (see documentation for more details).
2019-10-22 17:33:05 0 [Note] /usr/sbin/mysqld (mysqld 5.6.34) starting as process 507 ...
2019-10-22 17:33:05 507 [Warning] Using unique option prefix myisam-recover instead of myisam-recover-options is deprecated and will be removed in a future release. Please use the full name instead.
2019-10-22 17:33:05 507 [Note] Plugin 'FEDERATED' is disabled.
2019-10-22 17:33:06 507 [Note] InnoDB: Using atomics to ref count buffer pool pages
2019-10-22 17:33:06 507 [Note] InnoDB: The InnoDB memory heap is disabled
2019-10-22 17:33:06 507 [Note] InnoDB: Mutexes and rw_locks use GCC atomic builtins
2019-10-22 17:33:06 507 [Note] InnoDB: Memory barrier is not used
2019-10-22 17:33:06 507 [Note] InnoDB: Compressed tables use zlib 1.2.8
2019-10-22 17:33:06 507 [Note] InnoDB: Using Linux native AIO
2019-10-22 17:33:06 507 [Note] InnoDB: Using CPU crc32 instructions
2019-10-22 17:33:06 507 [Note] InnoDB: Initializing buffer pool, size = 32.0M
2019-10-22 17:33:06 507 [Note] InnoDB: Completed initialization of buffer pool
2019-10-22 17:33:06 507 [Note] InnoDB: Highest supported file format is Barracuda.
2019-10-22 17:33:06 507 [Note] InnoDB: The log sequence numbers 1600309 and 1600309 in ibdata files do not match the log sequence number 8291365 in the ib_logfiles!
2019-10-22 17:33:06 507 [Note] InnoDB: Database was not shutdown normally!
2019-10-22 17:33:06 507 [Note] InnoDB: Starting crash recovery.
2019-10-22 17:33:06 507 [Note] InnoDB: Reading tablespace information from the .ibd files...
2019-10-22 17:33:06 507 [Note] InnoDB: Restoring possible half-written data pages 
2019-10-22 17:33:06 507 [Note] InnoDB: from the doublewrite buffer...
2019-10-22 17:33:09 507 [Note] InnoDB: 128 rollback segment(s) are active.
2019-10-22 17:33:09 507 [Note] InnoDB: Waiting for purge to start
2019-10-22 17:33:09 507 [Note] InnoDB: 5.6.34 started; log sequence number 8291365
2019-10-22 17:33:09 507 [Note] Server hostname (bind-address): '*'; port: 3306
2019-10-22 17:33:09 507 [Note] IPv6 is available.
2019-10-22 17:33:09 507 [Note]   - '::' resolves to '::';
2019-10-22 17:33:09 507 [Note] Server socket created on IP: '::'.
2019-10-22 17:33:10 507 [ERROR] /usr/sbin/mysqld: Table './mysql/user' is marked as crashed and should be repaired
2019-10-22 17:33:10 507 [Warning] Checking table:   './mysql/user'
2019-10-22 17:33:10 507 [ERROR] 1 client is using or hasn't closed the table properly
2019-10-22 17:33:10 507 [Note] Event Scheduler: Loaded 0 events
2019-10-22 17:33:10 507 [Note] /usr/sbin/mysqld: ready for connections.
Version: '5.6.34'  socket: '/var/run/mysqld/mysqld.sock'  port: 3306  MySQL Community Server (GPL)
2019-10-25 08:08:29 507 [ERROR] /usr/sbin/mysqld: Table './mysql/proc' is marked as crashed and should be repaired
191025 08:53:26 mysqld_safe Starting mysqld daemon with databases from /var/lib/mysql
2019-10-25 08:53:27 0 [Warning] Using unique option prefix key_buffer instead of key_buffer_size is deprecated and will be removed in a future release. Please use the full name instead.
2019-10-25 08:53:27 0 [Warning] TIMESTAMP with implicit DEFAULT value is deprecated. Please use --explicit_defaults_for_timestamp server option (see documentation for more details).
2019-10-25 08:53:27 0 [Note] /usr/sbin/mysqld (mysqld 5.6.34) starting as process 560 ...
2019-10-25 08:53:29 560 [Warning] Using unique option prefix myisam-recover instead of myisam-recover-options is deprecated and will be removed in a future release. Please use the full name instead.
2019-10-25 08:53:30 560 [Note] Plugin 'FEDERATED' is disabled.
2019-10-25 08:53:31 560 [Note] InnoDB: Using atomics to ref count buffer pool pages
2019-10-25 08:53:31 560 [Note] InnoDB: The InnoDB memory heap is disabled
2019-10-25 08:53:31 560 [Note] InnoDB: Mutexes and rw_locks use GCC atomic builtins
2019-10-25 08:53:31 560 [Note] InnoDB: Memory barrier is not used
2019-10-25 08:53:31 560 [Note] InnoDB: Compressed tables use zlib 1.2.8
2019-10-25 08:53:31 560 [Note] InnoDB: Using Linux native AIO
2019-10-25 08:53:32 560 [Note] InnoDB: Using CPU crc32 instructions
2019-10-25 08:53:32 560 [Note] InnoDB: Initializing buffer pool, size = 32.0M
2019-10-25 08:53:32 560 [Note] InnoDB: Completed initialization of buffer pool
2019-10-25 08:53:34 560 [Note] InnoDB: Highest supported file format is Barracuda.
2019-10-25 08:53:34 560 [Note] InnoDB: The log sequence numbers 1600309 and 1600309 in ibdata files do not match the log sequence number 9406841 in the ib_logfiles!
2019-10-25 08:53:34 560 [Note] InnoDB: Database was not shutdown normally!
2019-10-25 08:53:34 560 [Note] InnoDB: Starting crash recovery.
2019-10-25 08:53:34 560 [Note] InnoDB: Reading tablespace information from the .ibd files...
2019-10-25 08:53:36 560 [Note] InnoDB: Restoring possible half-written data pages 
2019-10-25 08:53:36 560 [Note] InnoDB: from the doublewrite buffer...
2019-10-25 08:53:38 560 [Note] InnoDB: 128 rollback segment(s) are active.
2019-10-25 08:53:38 560 [Note] InnoDB: Waiting for purge to start
2019-10-25 08:53:38 560 [Note] InnoDB: 5.6.34 started; log sequence number 9406841
2019-10-25 08:53:38 560 [Note] Server hostname (bind-address): '*'; port: 3306
2019-10-25 08:53:38 560 [Note] IPv6 is available.
2019-10-25 08:53:38 560 [Note]   - '::' resolves to '::';
2019-10-25 08:53:38 560 [Note] Server socket created on IP: '::'.
2019-10-25 08:53:39 560 [Note] Event Scheduler: Loaded 0 events
2019-10-25 08:53:39 560 [Note] /usr/sbin/mysqld: ready for connections.
Version: '5.6.34'  socket: '/var/run/mysqld/mysqld.sock'  port: 3306  MySQL Community Server (GPL)
2019-11-02 11:23:06 560 [ERROR] /usr/sbin/mysqld: Table './mysql/proc' is marked as crashed and should be repaired
191102 12:03:50 mysqld_safe Starting mysqld daemon with databases from /var/lib/mysql
2019-11-02 12:03:50 0 [Warning] Using unique option prefix key_buffer instead of key_buffer_size is deprecated and will be removed in a future release. Please use the full name instead.
2019-11-02 12:03:50 0 [Warning] TIMESTAMP with implicit DEFAULT value is deprecated. Please use --explicit_defaults_for_timestamp server option (see documentation for more details).
2019-11-02 12:03:51 0 [Note] /usr/sbin/mysqld (mysqld 5.6.34) starting as process 506 ...
2019-11-02 12:03:51 506 [Warning] Using unique option prefix myisam-recover instead of myisam-recover-options is deprecated and will be removed in a future release. Please use the full name instead.
2019-11-02 12:03:51 506 [Note] Plugin 'FEDERATED' is disabled.
2019-11-02 12:03:52 506 [Note] InnoDB: Using atomics to ref count buffer pool pages
2019-11-02 12:03:52 506 [Note] InnoDB: The InnoDB memory heap is disabled
2019-11-02 12:03:52 506 [Note] InnoDB: Mutexes and rw_locks use GCC atomic builtins
2019-11-02 12:03:52 506 [Note] InnoDB: Memory barrier is not used
2019-11-02 12:03:52 506 [Note] InnoDB: Compressed tables use zlib 1.2.8
2019-11-02 12:03:52 506 [Note] InnoDB: Using Linux native AIO
2019-11-02 12:03:52 506 [Note] InnoDB: Using CPU crc32 instructions
2019-11-02 12:03:52 506 [Note] InnoDB: Initializing buffer pool, size = 32.0M
2019-11-02 12:03:52 506 [Note] InnoDB: Completed initialization of buffer pool
2019-11-02 12:03:53 506 [Note] InnoDB: Highest supported file format is Barracuda.
2019-11-02 12:03:53 506 [Note] InnoDB: Log scan progressed past the checkpoint lsn 14844161
2019-11-02 12:03:53 506 [Note] InnoDB: Database was not shutdown normally!
2019-11-02 12:03:53 506 [Note] InnoDB: Starting crash recovery.
2019-11-02 12:03:53 506 [Note] InnoDB: Reading tablespace information from the .ibd files...
2019-11-02 12:03:53 506 [Note] InnoDB: Restoring possible half-written data pages 
2019-11-02 12:03:53 506 [Note] InnoDB: from the doublewrite buffer...
InnoDB: Doing recovery: scanned up to log sequence number 14846052
2019-11-02 12:03:58 506 [Note] InnoDB: Starting an apply batch of log records to the database...
InnoDB: Progress in percent: 18 19 20 21 22 23 24 25 26 27 28 29 30 31 32 33 34 35 36 37 38 39 40 41 42 43 44 45 46 47 48 49 50 51 52 53 54 55 56 57 58 59 60 61 62 63 64 65 66 67 68 69 70 71 72 73 74 75 76 77 78 79 80 81 82 83 84 85 86 87 88 89 90 91 92 93 94 95 96 97 98 99 
InnoDB: Apply batch completed
2019-11-02 12:03:59 506 [Note] InnoDB: 128 rollback segment(s) are active.
2019-11-02 12:03:59 506 [Note] InnoDB: Waiting for purge to start
2019-11-02 12:03:59 506 [Note] InnoDB: 5.6.34 started; log sequence number 14846052
2019-11-02 12:03:59 506 [Note] Server hostname (bind-address): '*'; port: 3306
2019-11-02 12:03:59 506 [Note] IPv6 is available.
2019-11-02 12:03:59 506 [Note]   - '::' resolves to '::';
2019-11-02 12:03:59 506 [Note] Server socket created on IP: '::'.
2019-11-02 12:04:00 506 [Note] Event Scheduler: Loaded 0 events
2019-11-02 12:04:00 506 [Note] /usr/sbin/mysqld: ready for connections.
Version: '5.6.34'  socket: '/var/run/mysqld/mysqld.sock'  port: 3306  MySQL Community Server (GPL)
191117 17:06:15 mysqld_safe Starting mysqld daemon with databases from /var/lib/mysql
2019-11-17 17:06:15 0 [Warning] Using unique option prefix key_buffer instead of key_buffer_size is deprecated and will be removed in a future release. Please use the full name instead.
2019-11-17 17:06:15 0 [Warning] TIMESTAMP with implicit DEFAULT value is deprecated. Please use --explicit_defaults_for_timestamp server option (see documentation for more details).
2019-11-17 17:06:15 0 [Note] /usr/sbin/mysqld (mysqld 5.6.34) starting as process 583 ...
2019-11-17 17:06:15 583 [Warning] Using unique option prefix myisam-recover instead of myisam-recover-options is deprecated and will be removed in a future release. Please use the full name instead.
2019-11-17 17:06:15 583 [Note] Plugin 'FEDERATED' is disabled.
2019-11-17 17:06:15 583 [Note] InnoDB: Using atomics to ref count buffer pool pages
2019-11-17 17:06:15 583 [Note] InnoDB: The InnoDB memory heap is disabled
2019-11-17 17:06:15 583 [Note] InnoDB: Mutexes and rw_locks use GCC atomic builtins
2019-11-17 17:06:15 583 [Note] InnoDB: Memory barrier is not used
2019-11-17 17:06:15 583 [Note] InnoDB: Compressed tables use zlib 1.2.8
2019-11-17 17:06:15 583 [Note] InnoDB: Using Linux native AIO
2019-11-17 17:06:15 583 [Note] InnoDB: Using CPU crc32 instructions
2019-11-17 17:06:15 583 [Note] InnoDB: Initializing buffer pool, size = 32.0M
2019-11-17 17:06:15 583 [Note] InnoDB: Completed initialization of buffer pool
2019-11-17 17:06:15 583 [Note] InnoDB: Highest supported file format is Barracuda.
2019-11-17 17:06:15 583 [Note] InnoDB: The log sequence numbers 1600309 and 1600309 in ibdata files do not match the log sequence number 25796521 in the ib_logfiles!
2019-11-17 17:06:15 583 [Note] InnoDB: Database was not shutdown normally!
2019-11-17 17:06:15 583 [Note] InnoDB: Starting crash recovery.
2019-11-17 17:06:15 583 [Note] InnoDB: Reading tablespace information from the .ibd files...
2019-11-17 17:06:15 583 [Note] InnoDB: Restoring possible half-written data pages 
2019-11-17 17:06:15 583 [Note] InnoDB: from the doublewrite buffer...
2019-11-17 17:06:16 583 [Note] InnoDB: 128 rollback segment(s) are active.
2019-11-17 17:06:16 583 [Note] InnoDB: Waiting for purge to start
2019-11-17 17:06:16 583 [Note] InnoDB: 5.6.34 started; log sequence number 25796521
2019-11-17 17:06:16 583 [Note] Server hostname (bind-address): '*'; port: 3306
2019-11-17 17:06:16 583 [Note] IPv6 is available.
2019-11-17 17:06:16 583 [Note]   - '::' resolves to '::';
2019-11-17 17:06:16 583 [Note] Server socket created on IP: '::'.
2019-11-17 17:06:16 583 [Note] Event Scheduler: Loaded 0 events
2019-11-17 17:06:16 583 [Note] /usr/sbin/mysqld: ready for connections.
Version: '5.6.34'  socket: '/var/run/mysqld/mysqld.sock'  port: 3306  MySQL Community Server (GPL)
2019-11-17 17:50:57 583 [ERROR] /usr/sbin/mysqld: Table './mysql/proc' is marked as crashed and should be repaired
191117 17:51:17 mysqld_safe Starting mysqld daemon with databases from /var/lib/mysql
2019-11-17 17:51:17 0 [Warning] Using unique option prefix key_buffer instead of key_buffer_size is deprecated and will be removed in a future release. Please use the full name instead.
2019-11-17 17:51:17 0 [Warning] TIMESTAMP with implicit DEFAULT value is deprecated. Please use --explicit_defaults_for_timestamp server option (see documentation for more details).
2019-11-17 17:51:17 0 [Note] /usr/sbin/mysqld (mysqld 5.6.34) starting as process 531 ...
2019-11-17 17:51:17 531 [Warning] Using unique option prefix myisam-recover instead of myisam-recover-options is deprecated and will be removed in a future release. Please use the full name instead.
2019-11-17 17:51:17 531 [Note] Plugin 'FEDERATED' is disabled.
2019-11-17 17:51:17 531 [Note] InnoDB: Using atomics to ref count buffer pool pages
2019-11-17 17:51:17 531 [Note] InnoDB: The InnoDB memory heap is disabled
2019-11-17 17:51:17 531 [Note] InnoDB: Mutexes and rw_locks use GCC atomic builtins
2019-11-17 17:51:17 531 [Note] InnoDB: Memory barrier is not used
2019-11-17 17:51:17 531 [Note] InnoDB: Compressed tables use zlib 1.2.8
2019-11-17 17:51:17 531 [Note] InnoDB: Using Linux native AIO
2019-11-17 17:51:17 531 [Note] InnoDB: Using CPU crc32 instructions
2019-11-17 17:51:17 531 [Note] InnoDB: Initializing buffer pool, size = 32.0M
2019-11-17 17:51:17 531 [Note] InnoDB: Completed initialization of buffer pool
2019-11-17 17:51:17 531 [Note] InnoDB: Highest supported file format is Barracuda.
2019-11-17 17:51:17 531 [Note] InnoDB: The log sequence numbers 1600309 and 1600309 in ibdata files do not match the log sequence number 26369275 in the ib_logfiles!
2019-11-17 17:51:17 531 [Note] InnoDB: Database was not shutdown normally!
2019-11-17 17:51:17 531 [Note] InnoDB: Starting crash recovery.
2019-11-17 17:51:17 531 [Note] InnoDB: Reading tablespace information from the .ibd files...
2019-11-17 17:51:17 531 [Note] InnoDB: Restoring possible half-written data pages 
2019-11-17 17:51:17 531 [Note] InnoDB: from the doublewrite buffer...
2019-11-17 17:51:18 531 [Note] InnoDB: 128 rollback segment(s) are active.
2019-11-17 17:51:18 531 [Note] InnoDB: Waiting for purge to start
2019-11-17 17:51:18 531 [Note] InnoDB: 5.6.34 started; log sequence number 26369275
2019-11-17 17:51:18 531 [Note] Server hostname (bind-address): '*'; port: 3306
2019-11-17 17:51:18 531 [Note] IPv6 is available.
2019-11-17 17:51:18 531 [Note]   - '::' resolves to '::';
2019-11-17 17:51:18 531 [Note] Server socket created on IP: '::'.
2019-11-17 17:51:18 531 [Note] Event Scheduler: Loaded 0 events
2019-11-17 17:51:18 531 [Note] /usr/sbin/mysqld: ready for connections.
Version: '5.6.34'  socket: '/var/run/mysqld/mysqld.sock'  port: 3306  MySQL Community Server (GPL)
2019-11-17 17:59:10 531 [ERROR] /usr/sbin/mysqld: Table './mysql/proc' is marked as crashed and should be repaired
191117 17:59:32 mysqld_safe Starting mysqld daemon with databases from /var/lib/mysql
2019-11-17 17:59:32 0 [Warning] Using unique option prefix key_buffer instead of key_buffer_size is deprecated and will be removed in a future release. Please use the full name instead.
2019-11-17 17:59:32 0 [Warning] TIMESTAMP with implicit DEFAULT value is deprecated. Please use --explicit_defaults_for_timestamp server option (see documentation for more details).
2019-11-17 17:59:32 0 [Note] /usr/sbin/mysqld (mysqld 5.6.34) starting as process 531 ...
2019-11-17 17:59:32 531 [Warning] Using unique option prefix myisam-recover instead of myisam-recover-options is deprecated and will be removed in a future release. Please use the full name instead.
2019-11-17 17:59:32 531 [Note] Plugin 'FEDERATED' is disabled.
2019-11-17 17:59:32 531 [Note] InnoDB: Using atomics to ref count buffer pool pages
2019-11-17 17:59:32 531 [Note] InnoDB: The InnoDB memory heap is disabled
2019-11-17 17:59:32 531 [Note] InnoDB: Mutexes and rw_locks use GCC atomic builtins
2019-11-17 17:59:32 531 [Note] InnoDB: Memory barrier is not used
2019-11-17 17:59:32 531 [Note] InnoDB: Compressed tables use zlib 1.2.8
2019-11-17 17:59:32 531 [Note] InnoDB: Using Linux native AIO
2019-11-17 17:59:32 531 [Note] InnoDB: Using CPU crc32 instructions
2019-11-17 17:59:32 531 [Note] InnoDB: Initializing buffer pool, size = 32.0M
2019-11-17 17:59:32 531 [Note] InnoDB: Completed initialization of buffer pool
2019-11-17 17:59:32 531 [Note] InnoDB: Highest supported file format is Barracuda.
2019-11-17 17:59:32 531 [Note] InnoDB: The log sequence numbers 1600309 and 1600309 in ibdata files do not match the log sequence number 26445174 in the ib_logfiles!
2019-11-17 17:59:32 531 [Note] InnoDB: Database was not shutdown normally!
2019-11-17 17:59:32 531 [Note] InnoDB: Starting crash recovery.
2019-11-17 17:59:32 531 [Note] InnoDB: Reading tablespace information from the .ibd files...
2019-11-17 17:59:32 531 [Note] InnoDB: Restoring possible half-written data pages 
2019-11-17 17:59:32 531 [Note] InnoDB: from the doublewrite buffer...
2019-11-17 17:59:32 531 [Note] InnoDB: 128 rollback segment(s) are active.
2019-11-17 17:59:32 531 [Note] InnoDB: Waiting for purge to start
2019-11-17 17:59:32 531 [Note] InnoDB: 5.6.34 started; log sequence number 26445174
2019-11-17 17:59:32 531 [Note] Server hostname (bind-address): '*'; port: 3306
2019-11-17 17:59:32 531 [Note] IPv6 is available.
2019-11-17 17:59:32 531 [Note]   - '::' resolves to '::';
2019-11-17 17:59:32 531 [Note] Server socket created on IP: '::'.
2019-11-17 17:59:32 531 [Note] Event Scheduler: Loaded 0 events
2019-11-17 17:59:32 531 [Note] /usr/sbin/mysqld: ready for connections.
Version: '5.6.34'  socket: '/var/run/mysqld/mysqld.sock'  port: 3306  MySQL Community Server (GPL)
191117 18:02:31 mysqld_safe Starting mysqld daemon with databases from /var/lib/mysql
2019-11-17 18:02:31 0 [Warning] Using unique option prefix key_buffer instead of key_buffer_size is deprecated and will be removed in a future release. Please use the full name instead.
2019-11-17 18:02:31 0 [Warning] TIMESTAMP with implicit DEFAULT value is deprecated. Please use --explicit_defaults_for_timestamp server option (see documentation for more details).
2019-11-17 18:02:31 0 [Note] /usr/sbin/mysqld (mysqld 5.6.34) starting as process 467 ...
2019-11-17 18:02:31 467 [Warning] Using unique option prefix myisam-recover instead of myisam-recover-options is deprecated and will be removed in a future release. Please use the full name instead.
2019-11-17 18:02:31 467 [Note] Plugin 'FEDERATED' is disabled.
2019-11-17 18:02:31 467 [Note] InnoDB: Using atomics to ref count buffer pool pages
2019-11-17 18:02:31 467 [Note] InnoDB: The InnoDB memory heap is disabled
2019-11-17 18:02:31 467 [Note] InnoDB: Mutexes and rw_locks use GCC atomic builtins
2019-11-17 18:02:31 467 [Note] InnoDB: Memory barrier is not used
2019-11-17 18:02:31 467 [Note] InnoDB: Compressed tables use zlib 1.2.8
2019-11-17 18:02:31 467 [Note] InnoDB: Using Linux native AIO
2019-11-17 18:02:31 467 [Note] InnoDB: Using CPU crc32 instructions
2019-11-17 18:02:31 467 [Note] InnoDB: Initializing buffer pool, size = 32.0M
2019-11-17 18:02:31 467 [Note] InnoDB: Completed initialization of buffer pool
2019-11-17 18:02:31 467 [Note] InnoDB: Highest supported file format is Barracuda.
2019-11-17 18:02:31 467 [Note] InnoDB: The log sequence numbers 1600309 and 1600309 in ibdata files do not match the log sequence number 26452513 in the ib_logfiles!
2019-11-17 18:02:31 467 [Note] InnoDB: Database was not shutdown normally!
2019-11-17 18:02:31 467 [Note] InnoDB: Starting crash recovery.
2019-11-17 18:02:31 467 [Note] InnoDB: Reading tablespace information from the .ibd files...
2019-11-17 18:02:31 467 [Note] InnoDB: Restoring possible half-written data pages 
2019-11-17 18:02:31 467 [Note] InnoDB: from the doublewrite buffer...
2019-11-17 18:02:31 467 [Note] InnoDB: 128 rollback segment(s) are active.
2019-11-17 18:02:31 467 [Note] InnoDB: Waiting for purge to start
2019-11-17 18:02:31 467 [Note] InnoDB: 5.6.34 started; log sequence number 26452513
2019-11-17 18:02:31 467 [Note] Server hostname (bind-address): '*'; port: 3306
2019-11-17 18:02:31 467 [Note] IPv6 is available.
2019-11-17 18:02:31 467 [Note]   - '::' resolves to '::';
2019-11-17 18:02:31 467 [Note] Server socket created on IP: '::'.
2019-11-17 18:02:31 467 [Note] Event Scheduler: Loaded 0 events
2019-11-17 18:02:31 467 [Note] /usr/sbin/mysqld: ready for connections.
Version: '5.6.34'  socket: '/var/run/mysqld/mysqld.sock'  port: 3306  MySQL Community Server (GPL)
