[15-Oct-2019 02:48:20] NOTICE: fpm is running, pid 1213
[15-Oct-2019 02:48:20] NOTICE: ready to handle connections
[22-Oct-2019 17:33:15] NOTICE: fpm is running, pid 735
[22-Oct-2019 17:33:15] NOTICE: ready to handle connections
[25-Oct-2019 08:53:48] NOTICE: fpm is running, pid 904
[25-Oct-2019 08:53:48] NOTICE: ready to handle connections
[02-Nov-2019 03:33:30] WARNING: [pool www] server reached pm.max_children setting (5), consider raising it
[02-Nov-2019 03:37:50] WARNING: [pool www] server reached pm.max_children setting (5), consider raising it
[02-Nov-2019 03:38:46] WARNING: [pool www] server reached pm.max_children setting (5), consider raising it
[02-Nov-2019 03:40:50] WARNING: [pool www] server reached pm.max_children setting (5), consider raising it
[02-Nov-2019 03:50:24] WARNING: [pool www] server reached pm.max_children setting (5), consider raising it
[02-Nov-2019 03:50:32] WARNING: [pool www] server reached pm.max_children setting (5), consider raising it
[02-Nov-2019 03:51:00] WARNING: [pool www] server reached pm.max_children setting (5), consider raising it
[02-Nov-2019 03:51:10] WARNING: [pool www] server reached pm.max_children setting (5), consider raising it
[02-Nov-2019 09:41:28] WARNING: [pool www] server reached pm.max_children setting (5), consider raising it
[02-Nov-2019 10:56:56] WARNING: [pool www] server reached pm.max_children setting (5), consider raising it
[02-Nov-2019 12:03:59] NOTICE: fpm is running, pid 671
[02-Nov-2019 12:03:59] NOTICE: ready to handle connections
[02-Nov-2019 17:12:54] WARNING: [pool www] server reached pm.max_children setting (5), consider raising it
[07-Nov-2019 17:54:29] WARNING: [pool www] server reached pm.max_children setting (5), consider raising it
[09-Nov-2019 12:06:53] WARNING: [pool www] server reached pm.max_children setting (5), consider raising it
[17-Nov-2019 17:06:25] NOTICE: fpm is running, pid 693
[17-Nov-2019 17:06:25] NOTICE: ready to handle connections
[17-Nov-2019 17:45:35] WARNING: [pool www] server reached pm.max_children setting (5), consider raising it
[17-Nov-2019 17:51:20] NOTICE: fpm is running, pid 601
[17-Nov-2019 17:51:20] NOTICE: ready to handle connections
[17-Nov-2019 17:54:00] WARNING: [pool www] server reached pm.max_children setting (5), consider raising it
[17-Nov-2019 17:59:34] NOTICE: fpm is running, pid 590
[17-Nov-2019 17:59:34] NOTICE: ready to handle connections
[17-Nov-2019 18:02:37] NOTICE: fpm is running, pid 574
[17-Nov-2019 18:02:37] NOTICE: ready to handle connections
[17-Nov-2019 18:05:54] WARNING: [pool www] server reached pm.max_children setting (5), consider raising it
